train_images: 60000, test_images: 10000, batch_size: 64, train_step: 937, test_step: 156
2020-10-13 23:36:48  epoch: 0  step:     0  avg_batch_acc: 0.1250  avg_batch_loss: 2.3591  learning_rate 0.000100
2020-10-13 23:36:52  epoch: 0  step:   100  avg_batch_acc: 0.9219  avg_batch_loss: 0.2286  learning_rate 0.000100
2020-10-13 23:36:56  epoch: 0  step:   200  avg_batch_acc: 0.8750  avg_batch_loss: 0.2724  learning_rate 0.000100
2020-10-13 23:37:00  epoch: 0  step:   300  avg_batch_acc: 0.9531  avg_batch_loss: 0.2636  learning_rate 0.000100
2020-10-13 23:37:04  epoch: 0  step:   400  avg_batch_acc: 0.9688  avg_batch_loss: 0.1184  learning_rate 0.000100
2020-10-13 23:37:08  epoch: 0  step:   500  avg_batch_acc: 0.9219  avg_batch_loss: 0.2905  learning_rate 0.000100
2020-10-13 23:37:12  epoch: 0  step:   600  avg_batch_acc: 0.9375  avg_batch_loss: 0.1256  learning_rate 0.000100
2020-10-13 23:37:16  epoch: 0  step:   700  avg_batch_acc: 0.9688  avg_batch_loss: 0.2148  learning_rate 0.000100
2020-10-13 23:37:20  epoch: 0  step:   800  avg_batch_acc: 0.9219  avg_batch_loss: 0.1725  learning_rate 0.000100
2020-10-13 23:37:24  epoch: 0  step:   900  avg_batch_acc: 0.9375  avg_batch_loss: 0.2059  learning_rate 0.000100
2020-10-13 23:37:25  epoch: 0  train_acc: 0.9229  avg_train_loss: 0.2552
2020-10-13 23:37:26  epoch: 0  val_acc: 0.9239  avg_val_loss: 0.2259 best_val_acc: 0.9239
2020-10-13 23:37:26  epoch: 1  step:     0  avg_batch_acc: 0.9531  avg_batch_loss: 0.1281  learning_rate 0.000100
2020-10-13 23:37:30  epoch: 1  step:   100  avg_batch_acc: 0.9531  avg_batch_loss: 0.1121  learning_rate 0.000100
2020-10-13 23:37:34  epoch: 1  step:   200  avg_batch_acc: 0.9375  avg_batch_loss: 0.1704  learning_rate 0.000100
2020-10-13 23:37:38  epoch: 1  step:   300  avg_batch_acc: 0.9688  avg_batch_loss: 0.1594  learning_rate 0.000100
2020-10-13 23:37:43  epoch: 1  step:   400  avg_batch_acc: 0.9688  avg_batch_loss: 0.0638  learning_rate 0.000100
2020-10-13 23:37:48  epoch: 1  step:   500  avg_batch_acc: 0.9688  avg_batch_loss: 0.1828  learning_rate 0.000100
2020-10-13 23:37:53  epoch: 1  step:   600  avg_batch_acc: 0.9844  avg_batch_loss: 0.0886  learning_rate 0.000100
2020-10-13 23:37:58  epoch: 1  step:   700  avg_batch_acc: 0.9688  avg_batch_loss: 0.1584  learning_rate 0.000100
2020-10-13 23:38:03  epoch: 1  step:   800  avg_batch_acc: 0.9531  avg_batch_loss: 0.1261  learning_rate 0.000100
2020-10-13 23:38:08  epoch: 1  step:   900  avg_batch_acc: 0.9375  avg_batch_loss: 0.1609  learning_rate 0.000100
2020-10-13 23:38:10  epoch: 1  train_acc: 0.9648  avg_train_loss: 0.1219
2020-10-13 23:38:11  epoch: 1  val_acc: 0.9418  avg_val_loss: 0.1790 best_val_acc: 0.9418
2020-10-13 23:38:11  epoch: 2  step:     0  avg_batch_acc: 0.9531  avg_batch_loss: 0.0949  learning_rate 0.000100
2020-10-13 23:38:15  epoch: 2  step:   100  avg_batch_acc: 0.9688  avg_batch_loss: 0.0709  learning_rate 0.000100
2020-10-13 23:38:20  epoch: 2  step:   200  avg_batch_acc: 0.9531  avg_batch_loss: 0.1443  learning_rate 0.000100
2020-10-13 23:38:25  epoch: 2  step:   300  avg_batch_acc: 0.9844  avg_batch_loss: 0.1319  learning_rate 0.000100
2020-10-13 23:38:30  epoch: 2  step:   400  avg_batch_acc: 0.9688  avg_batch_loss: 0.0474  learning_rate 0.000100
2020-10-13 23:38:35  epoch: 2  step:   500  avg_batch_acc: 0.9688  avg_batch_loss: 0.1523  learning_rate 0.000100
2020-10-13 23:38:39  epoch: 2  step:   600  avg_batch_acc: 0.9844  avg_batch_loss: 0.0841  learning_rate 0.000100
2020-10-13 23:38:44  epoch: 2  step:   700  avg_batch_acc: 0.9688  avg_batch_loss: 0.1351  learning_rate 0.000100
2020-10-13 23:38:49  epoch: 2  step:   800  avg_batch_acc: 0.9688  avg_batch_loss: 0.1186  learning_rate 0.000100
2020-10-13 23:38:54  epoch: 2  step:   900  avg_batch_acc: 0.9531  avg_batch_loss: 0.1360  learning_rate 0.000100
2020-10-13 23:38:56  epoch: 2  train_acc: 0.9713  avg_train_loss: 0.1009
2020-10-13 23:38:56  epoch: 2  val_acc: 0.9419  avg_val_loss: 0.1732 best_val_acc: 0.9419
2020-10-13 23:38:56  epoch: 3  step:     0  avg_batch_acc: 1.0000  avg_batch_loss: 0.0719  learning_rate 0.000100
2020-10-13 23:39:01  epoch: 3  step:   100  avg_batch_acc: 0.9844  avg_batch_loss: 0.0612  learning_rate 0.000100
